app/build/intermediates/manifest_merge_blame_file/debug/processDebugMainManifest/manifest-merger-blame-debug-report.txt
1<?xml version="1.0" encoding="utf-8"?>
2<manifest xmlns:android="http://schemas.android.com/apk/res/android"
3    package="com.smarthome.controller"
4    android:versionCode="1"
5    android:versionName="1.0" >
6
7    <uses-sdk
8        android:minSdkVersion="24"
9        android:targetSdkVersion="34" />
10
11    <!-- Разрешения -->
12    <uses-permission android:name="android.permission.SEND_SMS" />
12-->src/main/AndroidManifest.xml:6:5-67
12-->src/main/AndroidManifest.xml:6:22-64
13    <uses-permission android:name="android.permission.RECEIVE_SMS" />
13-->src/main/AndroidManifest.xml:7:5-70
13-->src/main/AndroidManifest.xml:7:22-67
14    <uses-permission android:name="android.permission.READ_SMS" />
14-->src/main/AndroidManifest.xml:8:5-67
14-->src/main/AndroidManifest.xml:8:22-64
15    <uses-permission android:name="android.permission.INTERNET" />
15-->src/main/AndroidManifest.xml:9:5-67
15-->src/main/AndroidManifest.xml:9:22-64
16    <uses-permission android:name="android.permission.ACCESS_NETWORK_STATE" />
16-->src/main/AndroidManifest.xml:10:5-79
16-->src/main/AndroidManifest.xml:10:22-76
17    <uses-permission android:name="android.permission.WAKE_LOCK" />
17-->src/main/AndroidManifest.xml:11:5-68
17-->src/main/AndroidManifest.xml:11:22-65
18    <uses-permission android:name="android.permission.POST_NOTIFICATIONS" />
18-->src/main/AndroidManifest.xml:12:5-77
18-->src/main/AndroidManifest.xml:12:22-74
19    <uses-permission android:name="android.permission.FOREGROUND_SERVICE" />
19-->src/main/AndroidManifest.xml:13:5-77
19-->src/main/AndroidManifest.xml:13:22-74
20    <uses-permission android:name="android.permission.FOREGROUND_SERVICE_DATA_SYNC" />
20-->src/main/AndroidManifest.xml:14:5-87
20-->src/main/AndroidManifest.xml:14:22-84
21    <uses-permission android:name="android.permission.SCHEDULE_EXACT_ALARM" />
21-->[com.github.hannesa2:paho.mqtt.android:3.6.4] AndroidManifest.xml:9:5-79
21-->[com.github.hannesa2:paho.mqtt.android:3.6.4] AndroidManifest.xml:9:22-76
22
23    <permission
23-->[androidx.core:core:1.12.0] AndroidManifest.xml:22:5-24:47
24        android:name="com.smarthome.controller.DYNAMIC_RECEIVER_NOT_EXPORTED_PERMISSION"
24-->[androidx.core:core:1.12.0] AndroidManifest.xml:23:9-81
25        android:protectionLevel="signature" />
25-->[androidx.core:core:1.12.0] AndroidManifest.xml:24:9-44
26
27    <uses-permission android:name="com.smarthome.controller.DYNAMIC_RECEIVER_NOT_EXPORTED_PERMISSION" />
27-->[androidx.core:core:1.12.0] AndroidManifest.xml:26:5-97
27-->[androidx.core:core:1.12.0] AndroidManifest.xml:26:22-94
28
29    <application
29-->src/main/AndroidManifest.xml:16:5-57:19
30        android:allowBackup="true"
30-->src/main/AndroidManifest.xml:17:9-35
31        android:appComponentFactory="androidx.core.app.CoreComponentFactory"
31-->[androidx.core:core:1.12.0] AndroidManifest.xml:28:18-86
32        android:debuggable="true"
33        android:extractNativeLibs="false"
34        android:icon="@android:drawable/ic_dialog_info"
34-->src/main/AndroidManifest.xml:18:9-56
35        android:label="SmartHome"
35-->src/main/AndroidManifest.xml:19:9-34
36        android:supportsRtl="true"
36-->src/main/AndroidManifest.xml:20:9-35
37        android:theme="@style/Theme.SmartHome" >
37-->src/main/AndroidManifest.xml:21:9-47
38
39        <!-- 🔥 ДОБАВЛЕН MQTT СЕРВИС PAHO -->
40        <service
40-->src/main/AndroidManifest.xml:25:9-27:40
41            android:name="org.eclipse.paho.android.service.MqttService"
41-->src/main/AndroidManifest.xml:26:13-72
42            android:exported="false" />
42-->src/main/AndroidManifest.xml:27:13-37
43
44        <!-- Main Activity -->
45        <activity
45-->src/main/AndroidManifest.xml:30:9-39:20
46            android:name="com.smarthome.controller.MainActivity"
46-->src/main/AndroidManifest.xml:31:13-41
47            android:configChanges="orientation|screenSize|screenLayout|keyboardHidden"
47-->src/main/AndroidManifest.xml:33:13-87
48            android:exported="true"
48-->src/main/AndroidManifest.xml:32:13-36
49            android:windowSoftInputMode="adjustResize" >
49-->src/main/AndroidManifest.xml:34:13-55
50            <intent-filter>
50-->src/main/AndroidManifest.xml:35:13-38:29
51                <action android:name="android.intent.action.MAIN" />
51-->src/main/AndroidManifest.xml:36:17-69
51-->src/main/AndroidManifest.xml:36:25-66
52
53                <category android:name="android.intent.category.LAUNCHER" />
53-->src/main/AndroidManifest.xml:37:17-77
53-->src/main/AndroidManifest.xml:37:27-74
54            </intent-filter>
55        </activity>
56
57        <!-- SMS Receiver -->
58        <receiver
58-->src/main/AndroidManifest.xml:42:9-48:20
59            android:name="com.smarthome.controller.service.SmsReceiver"
59-->src/main/AndroidManifest.xml:43:13-48
60            android:exported="true" >
60-->src/main/AndroidManifest.xml:44:13-36
61            <intent-filter android:priority="999" >
61-->src/main/AndroidManifest.xml:45:13-47:29
61-->src/main/AndroidManifest.xml:45:28-50
62                <action android:name="android.provider.Telephony.SMS_RECEIVED" />
62-->src/main/AndroidManifest.xml:46:17-82
62-->src/main/AndroidManifest.xml:46:25-79
63            </intent-filter>
64        </receiver>
65
66        <!-- SMS Monitor Service -->
67        <service
67-->src/main/AndroidManifest.xml:51:9-55:56
68            android:name="com.smarthome.controller.service.SmsMonitorService"
68-->src/main/AndroidManifest.xml:52:13-54
69            android:enabled="true"
69-->src/main/AndroidManifest.xml:53:13-35
70            android:exported="false"
70-->src/main/AndroidManifest.xml:54:13-37
71            android:foregroundServiceType="dataSync" />
71-->src/main/AndroidManifest.xml:55:13-53
72        <service
72-->[com.github.hannesa2:paho.mqtt.android:3.6.4] AndroidManifest.xml:15:9-17:56
73            android:name="info.mqtt.android.service.MqttService"
73-->[com.github.hannesa2:paho.mqtt.android:3.6.4] AndroidManifest.xml:16:13-65
74            android:foregroundServiceType="dataSync" />
74-->[com.github.hannesa2:paho.mqtt.android:3.6.4] AndroidManifest.xml:17:13-53
75
76        <activity
76-->[androidx.compose.ui:ui-test-manifest:1.6.6] AndroidManifest.xml:23:9-25:39
77            android:name="androidx.activity.ComponentActivity"
77-->[androidx.compose.ui:ui-test-manifest:1.6.6] AndroidManifest.xml:24:13-63
78            android:exported="true" />
78-->[androidx.compose.ui:ui-test-manifest:1.6.6] AndroidManifest.xml:25:13-36
79        <activity
79-->[androidx.compose.ui:ui-tooling-android:1.6.6] AndroidManifest.xml:23:9-25:39
80            android:name="androidx.compose.ui.tooling.PreviewActivity"
80-->[androidx.compose.ui:ui-tooling-android:1.6.6] AndroidManifest.xml:24:13-71
81            android:exported="true" />
81-->[androidx.compose.ui:ui-tooling-android:1.6.6] AndroidManifest.xml:25:13-36
82
83        <provider
83-->[androidx.emoji2:emoji2:1.3.0] AndroidManifest.xml:24:9-32:20
84            android:name="androidx.startup.InitializationProvider"
84-->[androidx.emoji2:emoji2:1.3.0] AndroidManifest.xml:25:13-67
85            android:authorities="com.smarthome.controller.androidx-startup"
85-->[androidx.emoji2:emoji2:1.3.0] AndroidManifest.xml:26:13-68
86            android:exported="false" >
86-->[androidx.emoji2:emoji2:1.3.0] AndroidManifest.xml:27:13-37
87            <meta-data
87-->[androidx.emoji2:emoji2:1.3.0] AndroidManifest.xml:29:13-31:52
88                android:name="androidx.emoji2.text.EmojiCompatInitializer"
88-->[androidx.emoji2:emoji2:1.3.0] AndroidManifest.xml:30:17-75
89                android:value="androidx.startup" />
89-->[androidx.emoji2:emoji2:1.3.0] AndroidManifest.xml:31:17-49
90            <meta-data
90-->[androidx.lifecycle:lifecycle-process:2.7.0] AndroidManifest.xml:29:13-31:52
91                android:name="androidx.lifecycle.ProcessLifecycleInitializer"
91-->[androidx.lifecycle:lifecycle-process:2.7.0] AndroidManifest.xml:30:17-78
92                android:value="androidx.startup" />
92-->[androidx.lifecycle:lifecycle-process:2.7.0] AndroidManifest.xml:31:17-49
93            <meta-data
93-->[androidx.profileinstaller:profileinstaller:1.3.1] AndroidManifest.xml:29:13-31:52
94                android:name="androidx.profileinstaller.ProfileInstallerInitializer"
94-->[androidx.profileinstaller:profileinstaller:1.3.1] AndroidManifest.xml:30:17-85
95                android:value="androidx.startup" />
95-->[androidx.profileinstaller:profileinstaller:1.3.1] AndroidManifest.xml:31:17-49
96        </provider>
97
98        <service
98-->[androidx.room:room-runtime:2.6.1] AndroidManifest.xml:24:9-28:63
99            android:name="androidx.room.MultiInstanceInvalidationService"
99-->[androidx.room:room-runtime:2.6.1] AndroidManifest.xml:25:13-74
100            android:directBootAware="true"
100-->[androidx.room:room-runtime:2.6.1] AndroidManifest.xml:26:13-43
101            android:exported="false" />
101-->[androidx.room:room-runtime:2.6.1] AndroidManifest.xml:27:13-37
102
103        <receiver
103-->[androidx.profileinstaller:profileinstaller:1.3.1] AndroidManifest.xml:34:9-52:20
104            android:name="androidx.profileinstaller.ProfileInstallReceiver"
104-->[androidx.profileinstaller:profileinstaller:1.3.1] AndroidManifest.xml:35:13-76
105            android:directBootAware="false"
105-->[androidx.profileinstaller:profileinstaller:1.3.1] AndroidManifest.xml:36:13-44
106            android:enabled="true"
106-->[androidx.profileinstaller:profileinstaller:1.3.1] AndroidManifest.xml:37:13-35
107            android:exported="true"
107-->[androidx.profileinstaller:profileinstaller:1.3.1] AndroidManifest.xml:38:13-36
108            android:permission="android.permission.DUMP" >
108-->[androidx.profileinstaller:profileinstaller:1.3.1] AndroidManifest.xml:39:13-57
109            <intent-filter>
109-->[androidx.profileinstaller:profileinstaller:1.3.1] AndroidManifest.xml:40:13-42:29
110                <action android:name="androidx.profileinstaller.action.INSTALL_PROFILE" />
110-->[androidx.profileinstaller:profileinstaller:1.3.1] AndroidManifest.xml:41:17-91
110-->[androidx.profileinstaller:profileinstaller:1.3.1] AndroidManifest.xml:41:25-88
111            </intent-filter>
112            <intent-filter>
112-->[androidx.profileinstaller:profileinstaller:1.3.1] AndroidManifest.xml:43:13-45:29
113                <action android:name="androidx.profileinstaller.action.SKIP_FILE" />
113-->[androidx.profileinstaller:profileinstaller:1.3.1] AndroidManifest.xml:44:17-85
113-->[androidx.profileinstaller:profileinstaller:1.3.1] AndroidManifest.xml:44:25-82
114            </intent-filter>
115            <intent-filter>
115-->[androidx.profileinstaller:profileinstaller:1.3.1] AndroidManifest.xml:46:13-48:29
116                <action android:name="androidx.profileinstaller.action.SAVE_PROFILE" />
116-->[androidx.profileinstaller:profileinstaller:1.3.1] AndroidManifest.xml:47:17-88
116-->[androidx.profileinstaller:profileinstaller:1.3.1] AndroidManifest.xml:47:25-85
117            </intent-filter>
118            <intent-filter>
118-->[androidx.profileinstaller:profileinstaller:1.3.1] AndroidManifest.xml:49:13-51:29
119                <action android:name="androidx.profileinstaller.action.BENCHMARK_OPERATION" />
119-->[androidx.profileinstaller:profileinstaller:1.3.1] AndroidManifest.xml:50:17-95
119-->[androidx.profileinstaller:profileinstaller:1.3.1] AndroidManifest.xml:50:25-92
120            </intent-filter>
121        </receiver>
122    </application>
123
124</manifest>